C51 COMPILER V9.59.0.0   DHT11                                                             07/09/2024 06:29:41 PAGE 1   


C51 COMPILER V9.59.0.0, COMPILATION OF MODULE DHT11
OBJECT MODULE PLACED IN .\Objects\DHT11.obj
COMPILER INVOKED BY: C:\Keil_v5\C51\BIN\C51.EXE DHT11.c OPTIMIZE(8,SPEED) BROWSE DEBUG OBJECTEXTEND PRINT(.\Listings\DHT
                    -11.lst) TABS(2) OBJECT(.\Objects\DHT11.obj)

line level    source

   1          #include <REGX52.H>
   2          #define uchar unsigned char
   3          #define uint unsigned int
   4          
   5          sbit Data=P1^1;   //定义数据线
   6          uchar rec_dat[7];   //用于显示的接收数据数组
   7          
   8          
   9          void DHT11_delay_us(uchar n)
  10          {
  11   1          while(--n);
  12   1      }
  13          
  14          void DHT11_delay_ms(uint z)
  15          {
  16   1         uint i,j;
  17   1         for(i=z;i>0;i--)
  18   1            for(j=110;j>0;j--);
  19   1      }
  20          
  21          
  22          void DHT11_start()
  23          {
  24   1         Data=1;
  25   1         DHT11_delay_us(2);
  26   1         Data=0;
  27   1         DHT11_delay_ms(20);   //延时18ms以上
  28   1         Data=1;
  29   1         DHT11_delay_us(30);
  30   1      }
  31          
  32          uchar DHT11_rec_byte()      //接收一个字节
  33          {
  34   1        uchar i,dat=0;
  35   1        for(i=0;i<8;i++)    //从高到低依次接收8位数据
  36   1         {          
  37   2            while(!Data);   //等待50us低电平过去
  38   2            DHT11_delay_us(8);     //延时45us，如果还为高则数据为1，否则为0 
  39   2           
  40   2            dat<<=1;           //移位使正确接收8位数据，数据为0时直接移位
  41   2            if(Data==1)    //数据为1时，使dat加1来接收数据1
  42   2               dat+=1;
  43   2            //接受数据要先移位，再判断是否加一
  44   2            while(Data);  //等待数据线拉低    
  45   2          }  
  46   1          return dat;
  47   1      }
  48          
  49          void DHT11_receive()      //接收40位的数据
  50          {
  51   1          uchar R_H,R_L,T_H,T_L,RH,RL,TH,TL,revise; 
  52   1          DHT11_start();
  53   1          if(Data==0)
  54   1          {
C51 COMPILER V9.59.0.0   DHT11                                                             07/09/2024 06:29:41 PAGE 2   

  55   2              while(Data==0);   //等待拉高     
  56   2              DHT11_delay_us(40);  //拉高后延时80us
  57   2              R_H=DHT11_rec_byte();    //接收湿度高八位  
  58   2              R_L=DHT11_rec_byte();    //接收湿度低八位  
  59   2              T_H=DHT11_rec_byte();    //接收温度高八位  
  60   2              T_L=DHT11_rec_byte();    //接收温度低八位
  61   2              revise=DHT11_rec_byte(); //接收校正位
  62   2              DHT11_delay_us(25);    //结束
  63   2              if((R_H+R_L+T_H+T_L)==revise)      //校正                                                
  64   2              {
  65   3                  RH=R_H;
  66   3                  RL=R_L;
  67   3                  TH=T_H;
  68   3                  TL=T_L;
  69   3              } 
  70   2              /*数据处理，方便显示*/
  71   2              rec_dat[0]='0'+(RH/10);
  72   2              rec_dat[1]='0'+(RH%10);
  73   2              rec_dat[2]=' ';
  74   2              rec_dat[3]=' ';
  75   2              
  76   2              rec_dat[4]='0'+(TH/10);
  77   2              rec_dat[5]='0'+(TH%10);
  78   2              rec_dat[6]=' ';
  79   2          }
  80   1      }


MODULE INFORMATION:   STATIC OVERLAYABLE
   CODE SIZE        =    231    ----
   CONSTANT SIZE    =   ----    ----
   XDATA SIZE       =   ----    ----
   PDATA SIZE       =   ----    ----
   DATA SIZE        =      7       6
   IDATA SIZE       =   ----    ----
   BIT SIZE         =   ----    ----
END OF MODULE INFORMATION.


C51 COMPILATION COMPLETE.  0 WARNING(S),  0 ERROR(S)
